<?xml version="1.0" encoding="UTF-8"?>
<!-- Generated by org.testng.reporters.JUnitXMLReporter -->
<testsuite ignored="0" hostname="Binitas-MacBook-Pro.local" failures="4" tests="6" name="Test" time="17.24" errors="0" timestamp="2024-06-26T00:04:48 GMT-07:00">
  <testcase classname="testNGbasics.ParallelModeThreadCountUnderstsnding" name="positiveSearchFunctionalityTest1" time="0.014">
    <failure type="java.lang.IllegalArgumentException" message="Keys to send should be a not null CharSequence">
      <![CDATA[java.lang.IllegalArgumentException: Keys to send should be a not null CharSequence
at org.openqa.selenium.remote.RemoteWebElement.sendKeys(RemoteWebElement.java:96)
at testNGbasics.ParallelModeThreadCountUnderstsnding.positiveSearchFunctionalityTest1(ParallelModeThreadCountUnderstsnding.java:83)
at java.base/java.util.concurrent.ThreadPoolExecutor.runWorker(ThreadPoolExecutor.java:1136)
at java.base/java.util.concurrent.ThreadPoolExecutor$Worker.run(ThreadPoolExecutor.java:635)
at java.base/java.lang.Thread.run(Thread.java:842)
... Removed 12 stack frames]]>
    </failure>
  </testcase> <!-- positiveSearchFunctionalityTest1 -->
  <testcase classname="testNGbasics.UsingAnnotationsAndKeywords" name="positiveMenuLinkFunctionalityTest" time="2.172"/>
  <testcase classname="testNGbasics.ParallelModeThreadCountUnderstsnding" name="positiveSearchFunctionalityTest2" time="0.009">
    <failure type="java.lang.IllegalArgumentException" message="Keys to send should be a not null CharSequence">
      <![CDATA[java.lang.IllegalArgumentException: Keys to send should be a not null CharSequence
at org.openqa.selenium.remote.RemoteWebElement.sendKeys(RemoteWebElement.java:96)
at testNGbasics.ParallelModeThreadCountUnderstsnding.positiveSearchFunctionalityTest2(ParallelModeThreadCountUnderstsnding.java:99)
at java.base/java.util.concurrent.ThreadPoolExecutor.runWorker(ThreadPoolExecutor.java:1136)
at java.base/java.util.concurrent.ThreadPoolExecutor$Worker.run(ThreadPoolExecutor.java:635)
at java.base/java.lang.Thread.run(Thread.java:842)
... Removed 12 stack frames]]>
    </failure>
  </testcase> <!-- positiveSearchFunctionalityTest2 -->
  <testcase classname="testNGbasics.ParallelModeThreadCountUnderstsnding" name="positiveSearchFunctionalityTest3" time="0.009">
    <failure type="java.lang.IllegalArgumentException" message="Keys to send should be a not null CharSequence">
      <![CDATA[java.lang.IllegalArgumentException: Keys to send should be a not null CharSequence
at org.openqa.selenium.remote.RemoteWebElement.sendKeys(RemoteWebElement.java:96)
at testNGbasics.ParallelModeThreadCountUnderstsnding.positiveSearchFunctionalityTest3(ParallelModeThreadCountUnderstsnding.java:115)
at java.base/java.util.concurrent.ThreadPoolExecutor.runWorker(ThreadPoolExecutor.java:1136)
at java.base/java.util.concurrent.ThreadPoolExecutor$Worker.run(ThreadPoolExecutor.java:635)
at java.base/java.lang.Thread.run(Thread.java:842)
... Removed 12 stack frames]]>
    </failure>
  </testcase> <!-- positiveSearchFunctionalityTest3 -->
  <testcase classname="testNGbasics.UsingAnnotationsAndKeywords" name="positiveSearchFunctionalityTest" time="1.979"/>
  <testcase classname="testNGbasics.ParallelModeThreadCountUnderstsnding" name="positiveSearchFunctionalityTest4" time="0.007">
    <failure type="java.lang.IllegalArgumentException" message="Keys to send should be a not null CharSequence">
      <![CDATA[java.lang.IllegalArgumentException: Keys to send should be a not null CharSequence
at org.openqa.selenium.remote.RemoteWebElement.sendKeys(RemoteWebElement.java:96)
at testNGbasics.ParallelModeThreadCountUnderstsnding.positiveSearchFunctionalityTest4(ParallelModeThreadCountUnderstsnding.java:131)
at java.base/java.util.concurrent.ThreadPoolExecutor.runWorker(ThreadPoolExecutor.java:1136)
at java.base/java.util.concurrent.ThreadPoolExecutor$Worker.run(ThreadPoolExecutor.java:635)
at java.base/java.lang.Thread.run(Thread.java:842)
... Removed 12 stack frames]]>
    </failure>
  </testcase> <!-- positiveSearchFunctionalityTest4 -->
</testsuite> <!-- Test -->
